[debug] [2020-03-20T15:19:15.011Z] ----------------------------------------------------------------------
[debug] [2020-03-20T15:19:15.011Z] Command:       C:\Program Files\nodejs\node.exe C:\Users\Tim\AppData\Roaming\npm\node_modules\firebase-tools\lib\bin\firebase.js serve
[debug] [2020-03-20T15:19:15.011Z] CLI Version:   7.15.1
[debug] [2020-03-20T15:19:15.011Z] Platform:      win32
[debug] [2020-03-20T15:19:15.011Z] Node Version:  v12.13.1
[debug] [2020-03-20T15:19:15.011Z] Time:          Fri Mar 20 2020 16:19:15 GMT+0100 (GMT+01:00)
[debug] [2020-03-20T15:19:15.011Z] ----------------------------------------------------------------------
[debug] [2020-03-20T15:19:15.011Z] 
[debug] [2020-03-20T15:19:15.042Z] > command requires scopes: ["email","openid","https://www.googleapis.com/auth/cloudplatformprojects.readonly","https://www.googleapis.com/auth/firebase","https://www.googleapis.com/auth/cloud-platform"]
[debug] [2020-03-20T15:19:15.042Z] > authorizing via signed-in user
[debug] [2020-03-20T15:19:15.042Z] [iam] checking project kostendeler-a4ae5 for permissions ["firebase.projects.get"]
[debug] [2020-03-20T15:19:15.042Z] >>> HTTP REQUEST POST https://cloudresourcemanager.googleapis.com/v1/projects/kostendeler-a4ae5:testIamPermissions  

[debug] [2020-03-20T15:19:15.893Z] <<< HTTP RESPONSE 200
[debug] [2020-03-20T15:19:15.909Z] >>> HTTP REQUEST GET https://firebase.googleapis.com/v1beta1/projects/kostendeler-a4ae5  
 
[debug] [2020-03-20T15:19:16.221Z] <<< HTTP RESPONSE 200
[info] 
[info] === Serving from 'C:\Users\Tim\Prive\Documents\WincFedProjecten\kostenDeler'...
[info] 
[debug] [2020-03-20T15:19:16.237Z] >>> HTTP REQUEST GET https://firebase.googleapis.com/v1beta1/projects/kostendeler-a4ae5/webApps/-/config  
 
[debug] [2020-03-20T15:19:16.924Z] <<< HTTP RESPONSE 200
[info] i  hosting: Serving hosting files from: build
[info] +  hosting: Local server: http://localhost:5000
